<?xml version="1.0" encoding="UTF-8"?>
<!-- Generated by org.testng.reporters.JUnitXMLReporter -->
<testsuite hostname="wangkangdeMacBook-Air.local" name="Test" tests="1" failures="1" timestamp="25 Aug 2016 05:01:19 GMT" time="0.076" errors="0">
  <testcase name="protocolURL" time="0.049" classname="com.dorm.test.dormTest.AppTest">
    <failure type="java.lang.Throwable">
      <![CDATA[java.lang.Throwable
	at message : 状态是否相等 expected [0] but found [0] in method : .protocolURL(AppTest:32)
	at com.dorm.test.dormTest.AppTest.protocolURL(AppTest.java:32)
]]>
    </failure>
  </testcase> <!-- protocolURL -->
</testsuite> <!-- Test -->
