<?xml version="1.0" encoding="UTF-8"?>
<testng-results skipped="0" failed="0" total="1" passed="1">
  <reporter-output>
  </reporter-output>
  <suite name="Default suite" duration-ms="88" started-at="2016-08-25T09:58:59Z" finished-at="2016-08-25T09:59:00Z">
    <groups>
    </groups>
    <test name="Default test" duration-ms="88" started-at="2016-08-25T09:58:59Z" finished-at="2016-08-25T09:59:00Z">
      <class name="com.dorm.test.AppTest">
        <test-method status="PASS" signature="login()[pri:0, instance:com.dorm.test.AppTest@396a51ab]" name="login" is-config="true" duration-ms="1249" started-at="2016-08-25T17:58:58Z" finished-at="2016-08-25T17:58:59Z">
          <reporter-output>
          </reporter-output>
        </test-method> <!-- login -->
        <test-method status="PASS" signature="protocolURL()[pri:0, instance:com.dorm.test.AppTest@396a51ab]" name="protocolURL" duration-ms="62" started-at="2016-08-25T17:58:59Z" finished-at="2016-08-25T17:59:00Z">
          <reporter-output>
          </reporter-output>
        </test-method> <!-- protocolURL -->
      </class> <!-- com.dorm.test.AppTest -->
    </test> <!-- Default test -->
  </suite> <!-- Default suite -->
</testng-results>
